<?xml version="1.0" encoding="UTF-8"?>
<!-- Generated by org.testng.reporters.JUnitReportReporter -->
<testsuite hostname="LAPTOP-MF82I3RG" failures="0" tests="1" name="com.selenium.learning.TestNGTesting.Day2" time="0.030" errors="0" timestamp="2024-05-23T13:48:36 AEST" skipped="0">
  <testcase classname="com.selenium.learning.TestNGTesting.Day2" name="ploan" time="0.030"/>
</testsuite> <!-- com.selenium.learning.TestNGTesting.Day2 -->
