<?xml version="1.0" encoding="UTF-8"?>
<!-- Generated by org.testng.reporters.JUnitReportReporter -->
<testsuite hostname="LAPTOP-MF82I3RG" failures="0" tests="2" name="com.selenium.learning.TestNGTesting.Day1" time="0.086" errors="0" timestamp="2024-05-23T13:52:58 AEST" skipped="0">
  <testcase classname="com.selenium.learning.TestNGTesting.Day1" name="Demo" time="0.069"/>
  <testcase classname="com.selenium.learning.TestNGTesting.Day1" name="Demo1" time="0.017"/>
</testsuite> <!-- com.selenium.learning.TestNGTesting.Day1 -->
