<?xml version="1.0" encoding="UTF-8"?>
<!-- Generated by org.testng.reporters.JUnitReportReporter -->
<testsuite hostname="LAPTOP-MF82I3RG" failures="0" tests="5" name="com.selenium.learning.TestNGTesting.Day3" time="0.168" errors="0" timestamp="2024-05-23T14:18:25 AEST" skipped="1">
  <testcase classname="com.selenium.learning.TestNGTesting.Day3" name="APICarLoan" time="0.019"/>
  <testcase classname="com.selenium.learning.TestNGTesting.Day3" name="WebLoginCarLoan" time="0.018"/>
  <testcase classname="com.selenium.learning.TestNGTesting.Day3" name="MobileLoginCarLoan" time="0.031"/>
  <testcase classname="com.selenium.learning.TestNGTesting.Day3" name="MobilesignoutCarLoan" time="0.100"/>
  <testcase classname="com.selenium.learning.TestNGTesting.Day3" name="MobilesigninCarLoan">
    <skipped/>
  </testcase> <!-- MobilesigninCarLoan -->
</testsuite> <!-- com.selenium.learning.TestNGTesting.Day3 -->
