<?xml version="1.0" encoding="UTF-8"?>
<!-- Generated by org.testng.reporters.JUnitReportReporter -->
<testsuite hostname="LAPTOP-MF82I3RG" failures="0" tests="2" name="com.selenium.learning.TestNGTesting.Day4" time="0.047" errors="0" timestamp="2024-05-23T13:52:58 AEST" skipped="0">
  <testcase classname="com.selenium.learning.TestNGTesting.Day4" name="WebLoginHomeLoan" time="0.004"/>
  <testcase classname="com.selenium.learning.TestNGTesting.Day4" name="LoginAPIHomeLoan" time="0.043"/>
</testsuite> <!-- com.selenium.learning.TestNGTesting.Day4 -->
